$ git clone "ssh://git@bitbucket.org/WouterDS/slashdot-website.git" "/var/www/www.reactiongifs.io/releases/20150324224525" --branch="master" --depth="1"
git clone "ssh://git@bitbucket.org/WouterDS/slashdot-website.git" "/var/www/www.reactiongifs.io/releases/20150324224525" --branch="master" --depth="1"
Cloning into '/var/www/www.reactiongifs.io/releases/20150324224525'...
$ cd /var/www/www.reactiongifs.io/releases/20150324224525
$ git submodule update --init --recursive
cd /var/www/www.reactiongifs.io/releases/20150324224525
git submodule update --init --recursive

bundle not found
/usr/local/bin/composer
$ cd /var/www/www.reactiongifs.io/releases/20150324224525
$ /usr/local/bin/composer install --no-interaction --no-dev --prefer-dist
cd /var/www/www.reactiongifs.io/releases/20150324224525
/usr/local/bin/composer install --no-interaction --no-dev --prefer-dist
Loading composer repositories with package information
Installing dependencies from lock file
  - Installing symfony/process (v2.6.4)
    Loading from cache

  - Installing symfony/finder (v2.6.4)
    Loading from cache

  - Installing symfony/filesystem (v2.6.4)
    Loading from cache

  - Installing phpoption/phpoption (1.4.0)
    Loading from cache

  - Installing phpcollection/phpcollection (0.4.0)
    Loading from cache

  - Installing cypresslab/gitelephant (v1.0.10)
    Loading from cache

  - Installing league/commonmark (0.7.0)
    Loading from cache

  - Installing vlucas/phpdotenv (v1.1.0)
    Loading from cache

  - Installing symfony/var-dumper (v2.6.4)
    Loading from cache

  - Installing symfony/translation (v2.6.4)
    Loading from cache

  - Installing symfony/security-core (v2.6.4)
    Loading from cache

  - Installing symfony/routing (v2.6.4)
    Loading from cache

  - Installing symfony/http-foundation (v2.6.4)
    Loading from cache

  - Installing symfony/event-dispatcher (v2.6.4)
    Loading from cache

  - Installing psr/log (1.0.0)
    Loading from cache

  - Installing symfony/debug (v2.6.4)
    Loading from cache

  - Installing symfony/http-kernel (v2.6.4)
    Loading from cache

  - Installing symfony/console (v2.6.4)
    Loading from cache

  - Installing swiftmailer/swiftmailer (v5.3.1)
    Loading from cache

  - Installing nikic/php-parser (v1.1.0)
    Loading from cache

  - Installing jakub-onderka/php-console-color (0.1)
    Loading from cache

  - Installing jakub-onderka/php-console-highlighter (v0.3.1)
    Loading from cache

  - Installing dnoegel/php-xdg-base-dir (0.1)
    Loading from cache

  - Installing psy/psysh (v0.4.1)
    Loading from cache

  - Installing nesbot/carbon (1.14.0)
    Loading from cache

  - Installing mtdowling/cron-expression (v1.0.4)
    Loading from cache

  - Installing monolog/monolog (1.12.0)
    Loading from cache

  - Installing league/flysystem (1.0.1)
    Loading from cache

  - Installing jeremeamia/superclosure (2.0.0)
    Loading from cache

  - Installing ircmaxell/password-compat (v1.0.4)
    Loading from cache

  - Installing doctrine/inflector (v1.0.1)
    Loading from cache

  - Installing danielstjules/stringy (1.9.0)
    Loading from cache

  - Installing classpreloader/classpreloader (1.2.0)
    Loading from cache

  - Installing laravel/framework (v5.0.13)
    Loading from cache

  - Installing graham-campbell/markdown (v3.0.1)
    Loading from cache

Generating autoload files
Generating optimized class loader
Compiling common classes
Compiling views
/usr/bin/npm
$ cd /var/www/www.reactiongifs.io/releases/20150324224525
$ /usr/bin/npm install
cd /var/www/www.reactiongifs.io/releases/20150324224525
/usr/bin/npm install
> node-sass@2.0.1 install /var/www/www.reactiongifs.io/releases/20150324224525/node_modules/laravel-elixir/node_modules/gulp-sass/node_modules/node-sass
> node scripts/install.js


> node-sass@2.0.1 postinstall /var/www/www.reactiongifs.io/releases/20150324224525/node_modules/laravel-elixir/node_modules/gulp-sass/node_modules/node-sass
> node scripts/build.js

`linux-x64-node-0.10` exists; testing
Binary is fine; exiting
gulp@3.8.11 node_modules/gulp
├── v8flags@2.0.2
├── pretty-hrtime@0.2.2
├── interpret@0.3.10
├── deprecated@0.0.1
├── archy@1.0.0
├── tildify@1.0.0 (user-home@1.1.1)
├── minimist@1.1.1
├── chalk@0.5.1 (ansi-styles@1.1.0, escape-string-regexp@1.0.3, supports-color@0.2.0, strip-ansi@0.3.0, has-ansi@0.1.0)
├── semver@4.3.1
├── orchestrator@0.3.7 (stream-consume@0.1.0, sequencify@0.0.7, end-of-stream@0.1.5)
├── gulp-util@3.0.4 (array-differ@1.0.0, object-assign@2.0.0, beeper@1.0.0, array-uniq@1.0.2, lodash._reescape@3.0.0, lodash._reevaluate@3.0.0, lodash._reinterpolate@3.0.0, replace-ext@0.0.1, vinyl@0.4.6, chalk@1.0.0, lodash.template@3.3.2, through2@0.6.3, dateformat@1.0.11, multipipe@0.1.2)
├── liftoff@2.0.2 (extend@2.0.0, flagged-respawn@0.3.1, resolve@1.1.6, findup-sync@0.2.1)
└── vinyl-fs@0.3.13 (graceful-fs@3.0.6, strip-bom@1.0.0, defaults@1.0.2, vinyl@0.4.6, mkdirp@0.5.0, through2@0.6.3, glob-stream@3.1.18, glob-watcher@0.0.6)

laravel-elixir@0.14.0 node_modules/laravel-elixir
├── gulp-rename@1.2.0
├── install@0.1.8
├── underscore@1.8.2
├── require-dir@0.1.0
├── run-sequence@1.0.2 (chalk@1.0.0)
├── parse-filepath@0.5.0 (path-ends-with@0.2.1)
├── vinyl-paths@1.0.0 (through2@0.6.3)
├── gulp-phpspec@0.3.1 (map-stream@0.0.4, gulp-util@2.2.20)
├── del@0.1.3 (is-path-cwd@1.0.0, each-async@1.1.1, is-path-in-cwd@1.0.0, rimraf@2.3.2, globby@0.1.1)
├── gulp-phpunit@0.6.3 (map-stream@0.0.5, gulp-util@2.2.20)
├── gulp-if@1.2.5 (gulp-match@0.2.1, ternary-stream@1.2.3, through2@0.6.3)
├── gulp-shell@0.2.11 (async@0.9.0, through2@0.6.3, lodash@2.4.1)
├── gulp-rev@2.0.1 (object-assign@1.0.0, through2@0.6.3)
├── gulp-util@3.0.4 (array-differ@1.0.0, beeper@1.0.0, object-assign@2.0.0, array-uniq@1.0.2, lodash._reescape@3.0.0, lodash._reevaluate@3.0.0, lodash._reinterpolate@3.0.0, replace-ext@0.0.1, minimist@1.1.1, vinyl@0.4.6, lodash.template@3.3.2, chalk@1.0.0, dateformat@1.0.11, multipipe@0.1.2, through2@0.6.3)
├── gulp-load-plugins@0.7.1 (multimatch@1.0.0, findup-sync@0.1.3)
├── gulp-coffee@2.3.1 (merge@1.2.0, coffee-script@1.9.1, vinyl-sourcemaps-apply@0.1.4, through2@0.6.3)
├── gulp-concat@2.5.2 (concat-with-sourcemaps@1.0.2, through2@0.6.3)
├── gulp-sourcemaps@1.5.1 (graceful-fs@3.0.6, strip-bom@1.0.0, convert-source-map@1.0.0, vinyl@0.4.6, through2@0.6.3)
├── gulp-uglify@1.1.0 (deepmerge@0.2.7, uglify-js@2.4.16, vinyl-sourcemaps-apply@0.1.4, through2@0.6.3)
├── gulp-minify-css@0.3.13 (memory-cache@0.0.5, clean-css@3.0.10, vinyl-sourcemaps-apply@0.1.4, bufferstreams@0.0.2, through2@0.6.3)
├── gulp-filter@1.0.2 (multimatch@0.3.0, through2@0.6.3)
├── gulp-ruby-sass@1.0.1 (slash@1.0.0, object-assign@2.0.0, dargs@2.1.0, win-spawn@2.0.0, rimraf@2.3.2, each-async@1.1.1, convert-source-map@1.0.0, mkdirp@0.5.0, vinyl@0.4.6, glob@4.5.3, vinyl-fs@1.0.0)
├── gulp-autoprefixer@1.0.1 (object-assign@1.0.0, vinyl-sourcemaps-apply@0.1.4, through2@0.6.3, autoprefixer-core@3.1.2)
├── main-bower-files@2.6.2 (strip-json-comments@1.0.2, colors@0.6.2, minimatch@1.0.0, glob@4.5.3, globule@0.2.0, vinyl-fs@1.0.0)
├── gulp-notify@1.8.0 (node.extend@1.1.3, through2@1.1.1, lodash.template@2.4.1, gulp-util@2.2.20, node-notifier@3.4.1)
├── gulp-less@1.3.9 (convert-source-map@0.4.1, lodash.defaults@2.4.1, through2@0.5.1, vinyl-sourcemaps-apply@0.1.4, less@1.7.5)
├── npm@2.7.3
└── gulp-sass@1.3.3 (clone@0.1.19, map-stream@0.1.0, vinyl-sourcemaps-apply@0.1.4, node-sass@2.0.1)
bower not found
/var/www/www.reactiongifs.io/releases/20150324224525/node_modules/.bin/bower not found
$ cd /var/www/www.reactiongifs.io/releases/20150324224525
$ chmod -R 755 /var/www/www.reactiongifs.io/releases/20150324224525/app/database/production.sqlite
$ chmod -R g+s /var/www/www.reactiongifs.io/releases/20150324224525/app/database/production.sqlite
$ chown -R www-data:www-data /var/www/www.reactiongifs.io/releases/20150324224525/app/database/production.sqlite
cd /var/www/www.reactiongifs.io/releases/20150324224525
chmod -R 755 /var/www/www.reactiongifs.io/releases/20150324224525/app/database/production.sqlite
chmod -R g+s /var/www/www.reactiongifs.io/releases/20150324224525/app/database/production.sqlite
chown -R www-data:www-data /var/www/www.reactiongifs.io/releases/20150324224525/app/database/production.sqlite
chmod: cannot access `/var/www/www.reactiongifs.io/releases/20150324224525/app/database/production.sqlite': No such file or directory
$ cd /var/www/www.reactiongifs.io/releases/20150324224525
$ chmod -R 755 /var/www/www.reactiongifs.io/releases/20150324224525/
$ chmod -R g+s /var/www/www.reactiongifs.io/releases/20150324224525/
$ chown -R www-data:www-data /var/www/www.reactiongifs.io/releases/20150324224525/
cd /var/www/www.reactiongifs.io/releases/20150324224525
chmod -R 755 /var/www/www.reactiongifs.io/releases/20150324224525/
chmod -R g+s /var/www/www.reactiongifs.io/releases/20150324224525/
chown -R www-data:www-data /var/www/www.reactiongifs.io/releases/20150324224525/

$ cd /var/www/www.reactiongifs.io/releases/20150324224525
$ chmod -R 755 /var/www/www.reactiongifs.io/releases/20150324224525/
$ chmod -R g+s /var/www/www.reactiongifs.io/releases/20150324224525/
$ chown -R www-data:www-data /var/www/www.reactiongifs.io/releases/20150324224525/
cd /var/www/www.reactiongifs.io/releases/20150324224525
chmod -R 755 /var/www/www.reactiongifs.io/releases/20150324224525/
chmod -R g+s /var/www/www.reactiongifs.io/releases/20150324224525/
chown -R www-data:www-data /var/www/www.reactiongifs.io/releases/20150324224525/

$ ln -s /var/www/www.reactiongifs.io/shared/.env /var/www/www.reactiongifs.io/releases/20150324224525/.env-temp
$ mv -Tf /var/www/www.reactiongifs.io/releases/20150324224525/.env-temp /var/www/www.reactiongifs.io/releases/20150324224525/.env
ln -s /var/www/www.reactiongifs.io/shared/.env /var/www/www.reactiongifs.io/releases/20150324224525/.env-temp
mv -Tf /var/www/www.reactiongifs.io/releases/20150324224525/.env-temp /var/www/www.reactiongifs.io/releases/20150324224525/.env

$ rm -rf /var/www/www.reactiongifs.io/current
rm -rf /var/www/www.reactiongifs.io/current

$ ln -s /var/www/www.reactiongifs.io/releases/20150324224525 /var/www/www.reactiongifs.io/current-temp
$ mv -Tf /var/www/www.reactiongifs.io/current-temp /var/www/www.reactiongifs.io/current
ln -s /var/www/www.reactiongifs.io/releases/20150324224525 /var/www/www.reactiongifs.io/current-temp
mv -Tf /var/www/www.reactiongifs.io/current-temp /var/www/www.reactiongifs.io/current

|=> No releases to prune from the server